<?xml version="1.0" encoding="UTF-8"?><testsuite errors="1" failures="0" name="Formulario Popup Validation" skipped="0" tests="2" time="112.59" timestamp="2020-01-20T10:06:27.292-05:00[America/Bogota]"><testcase name="Diligenciamiento exitoso del formulario Popup Validation,"/><testcase name="Diligenciamiento exitoso del formulario Popup Validation,"><error type="java.lang.NullPointerException"/><system-err>null&#13;
com.choucair.formacion.pageobjects.ColorlibFormValidationPage.Required(ColorlibFormValidationPage.java:59)&#13;
com.choucair.formacion.steps.colorlibFormValidationSteps.diligenciar_popup_datos_tabla(colorlibFormValidationSteps.java:14)&#13;
com.choucair.formacion.definition.PopupValidationDefinition.diligencio_Formulario_Popup_Validation(PopupValidationDefinition.java:34)&#13;
✽.When Diligencio Formulario Popup Validation(src/test/resources/features/Colorlib/Forms/PopupValidacion.feature:49)&#13;
</system-err></testcase></testsuite>